<?xml version="1.0" encoding="UTF-8"?>
<testsuite name="hello.hello_spring.service.MemberServiceTest" tests="1" skipped="0" failures="0" errors="0" timestamp="2024-08-12T10:19:29" hostname="DESKTOP-O653LJV" time="0.073">
  <properties/>
  <testcase name="중복_회원_예외()" classname="hello.hello_spring.service.MemberServiceTest" time="0.073"/>
  <system-out><![CDATA[]]></system-out>
  <system-err><![CDATA[]]></system-err>
</testsuite>
